{"/Users/davidcrandall/Desktop/NativeMind/App.js": {"path":"/Users/davidcrandall/Desktop/NativeMind/App.js","statementMap":{"0":{"start":{"line":10,"column":14},"end":{"line":10,"column":36}},"1":{"start":{"line":12,"column":12},"end":{"line":58,"column":1}},"2":{"start":{"line":13,"column":2},"end":{"line":57,"column":4}},"3":{"start":{"line":19,"column":40},"end":{"line":34,"column":12}},"4":{"start":{"line":20,"column":31},"end":{"line":20,"column":57}},"5":{"start":{"line":25,"column":14},"end":{"line":32,"column":35}},"6":{"start":{"line":26,"column":31},"end":{"line":26,"column":65}},"7":{"start":{"line":39,"column":40},"end":{"line":53,"column":11}},"8":{"start":{"line":40,"column":31},"end":{"line":40,"column":59}},"9":{"start":{"line":45,"column":14},"end":{"line":51,"column":35}},"10":{"start":{"line":46,"column":31},"end":{"line":46,"column":58}}},"fnMap":{"0":{"name":"(anonymous_0)","decl":{"start":{"line":12,"column":12},"end":{"line":12,"column":13}},"loc":{"start":{"line":12,"column":18},"end":{"line":58,"column":1}},"line":12},"1":{"name":"(anonymous_1)","decl":{"start":{"line":19,"column":19},"end":{"line":19,"column":20}},"loc":{"start":{"line":19,"column":40},"end":{"line":34,"column":12}},"line":19},"2":{"name":"(anonymous_2)","decl":{"start":{"line":20,"column":25},"end":{"line":20,"column":26}},"loc":{"start":{"line":20,"column":31},"end":{"line":20,"column":57}},"line":20},"3":{"name":"(anonymous_3)","decl":{"start":{"line":24,"column":25},"end":{"line":24,"column":26}},"loc":{"start":{"line":25,"column":14},"end":{"line":32,"column":35}},"line":25},"4":{"name":"(anonymous_4)","decl":{"start":{"line":26,"column":25},"end":{"line":26,"column":26}},"loc":{"start":{"line":26,"column":31},"end":{"line":26,"column":65}},"line":26},"5":{"name":"(anonymous_5)","decl":{"start":{"line":39,"column":19},"end":{"line":39,"column":20}},"loc":{"start":{"line":39,"column":40},"end":{"line":53,"column":11}},"line":39},"6":{"name":"(anonymous_6)","decl":{"start":{"line":40,"column":25},"end":{"line":40,"column":26}},"loc":{"start":{"line":40,"column":31},"end":{"line":40,"column":59}},"line":40},"7":{"name":"(anonymous_7)","decl":{"start":{"line":44,"column":24},"end":{"line":44,"column":25}},"loc":{"start":{"line":45,"column":14},"end":{"line":51,"column":35}},"line":45},"8":{"name":"(anonymous_8)","decl":{"start":{"line":46,"column":25},"end":{"line":46,"column":26}},"loc":{"start":{"line":46,"column":31},"end":{"line":46,"column":58}},"line":46}},"branchMap":{},"s":{"0":1,"1":1,"2":1,"3":1,"4":2,"5":2,"6":0,"7":0,"8":0,"9":0,"10":0},"f":{"0":1,"1":1,"2":2,"3":2,"4":0,"5":0,"6":0,"7":0,"8":0},"b":{},"_coverageSchema":"1a1c01bbd47fc00a2c39e90264f33305004495a9","hash":"30d1a684666052670a8645821314cd3e52cddeca"}
,"/Users/davidcrandall/Desktop/NativeMind/src/common/storage.js": {"path":"/Users/davidcrandall/Desktop/NativeMind/src/common/storage.js","statementMap":{"0":{"start":{"line":3,"column":23},"end":{"line":10,"column":1}},"1":{"start":{"line":4,"column":2},"end":{"line":9,"column":3}},"2":{"start":{"line":5,"column":22},"end":{"line":5,"column":53}},"3":{"start":{"line":6,"column":4},"end":{"line":6,"column":60}},"4":{"start":{"line":8,"column":4},"end":{"line":8,"column":21}},"5":{"start":{"line":12,"column":25},"end":{"line":19,"column":1}},"6":{"start":{"line":13,"column":2},"end":{"line":18,"column":3}},"7":{"start":{"line":14,"column":22},"end":{"line":14,"column":43}},"8":{"start":{"line":15,"column":4},"end":{"line":15,"column":47}},"9":{"start":{"line":17,"column":4},"end":{"line":17,"column":19}}},"fnMap":{"0":{"name":"(anonymous_0)","decl":{"start":{"line":3,"column":23},"end":{"line":3,"column":24}},"loc":{"start":{"line":3,"column":38},"end":{"line":10,"column":1}},"line":3},"1":{"name":"(anonymous_1)","decl":{"start":{"line":12,"column":25},"end":{"line":12,"column":26}},"loc":{"start":{"line":12,"column":47},"end":{"line":19,"column":1}},"line":12}},"branchMap":{"0":{"loc":{"start":{"line":6,"column":11},"end":{"line":6,"column":59}},"type":"cond-expr","locations":[{"start":{"line":6,"column":31},"end":{"line":6,"column":52}},{"start":{"line":6,"column":55},"end":{"line":6,"column":59}}],"line":6}},"s":{"0":1,"1":1,"2":1,"3":0,"4":0,"5":1,"6":0,"7":0,"8":0,"9":0},"f":{"0":1,"1":0},"b":{"0":[0,0]},"_coverageSchema":"1a1c01bbd47fc00a2c39e90264f33305004495a9","hash":"0ab8ea90c40d99e707a4d49d894338343822a0df"}
,"/Users/davidcrandall/Desktop/NativeMind/src/components/HomeScreen.js": {"path":"/Users/davidcrandall/Desktop/NativeMind/src/components/HomeScreen.js","statementMap":{"0":{"start":{"line":12,"column":4},"end":{"line":12,"column":17}},"1":{"start":{"line":13,"column":4},"end":{"line":13,"column":49}},"2":{"start":{"line":14,"column":4},"end":{"line":14,"column":49}},"3":{"start":{"line":15,"column":4},"end":{"line":15,"column":47}},"4":{"start":{"line":16,"column":4},"end":{"line":16,"column":47}},"5":{"start":{"line":17,"column":4},"end":{"line":17,"column":39}},"6":{"start":{"line":18,"column":4},"end":{"line":21,"column":6}},"7":{"start":{"line":25,"column":21},"end":{"line":25,"column":42}},"8":{"start":{"line":26,"column":4},"end":{"line":31,"column":5}},"9":{"start":{"line":27,"column":6},"end":{"line":27,"column":40}},"10":{"start":{"line":28,"column":6},"end":{"line":28,"column":13}},"11":{"start":{"line":30,"column":6},"end":{"line":30,"column":28}},"12":{"start":{"line":34,"column":14},"end":{"line":58,"column":3}},"13":{"start":{"line":35,"column":4},"end":{"line":38,"column":5}},"14":{"start":{"line":36,"column":6},"end":{"line":36,"column":53}},"15":{"start":{"line":37,"column":6},"end":{"line":37,"column":13}},"16":{"start":{"line":39,"column":4},"end":{"line":57,"column":6}},"17":{"start":{"line":45,"column":25},"end":{"line":45,"column":54}},"18":{"start":{"line":51,"column":12},"end":{"line":51,"column":40}},"19":{"start":{"line":52,"column":12},"end":{"line":52,"column":34}},"20":{"start":{"line":60,"column":14},"end":{"line":79,"column":3}},"21":{"start":{"line":61,"column":4},"end":{"line":64,"column":5}},"22":{"start":{"line":62,"column":6},"end":{"line":62,"column":53}},"23":{"start":{"line":63,"column":6},"end":{"line":63,"column":13}},"24":{"start":{"line":65,"column":20},"end":{"line":65,"column":42}},"25":{"start":{"line":66,"column":4},"end":{"line":68,"column":5}},"26":{"start":{"line":67,"column":6},"end":{"line":67,"column":29}},"27":{"start":{"line":69,"column":4},"end":{"line":69,"column":39}},"28":{"start":{"line":70,"column":21},"end":{"line":76,"column":23}},"29":{"start":{"line":77,"column":4},"end":{"line":77,"column":39}},"30":{"start":{"line":78,"column":4},"end":{"line":78,"column":50}},"31":{"start":{"line":81,"column":15},"end":{"line":83,"column":3}},"32":{"start":{"line":82,"column":4},"end":{"line":82,"column":73}},"33":{"start":{"line":85,"column":12},"end":{"line":103,"column":3}},"34":{"start":{"line":86,"column":4},"end":{"line":102,"column":7}},"35":{"start":{"line":87,"column":6},"end":{"line":87,"column":25}},"36":{"start":{"line":88,"column":6},"end":{"line":91,"column":7}},"37":{"start":{"line":89,"column":8},"end":{"line":89,"column":38}},"38":{"start":{"line":90,"column":8},"end":{"line":90,"column":15}},"39":{"start":{"line":92,"column":19},"end":{"line":95,"column":8}},"40":{"start":{"line":97,"column":6},"end":{"line":97,"column":30}},"41":{"start":{"line":98,"column":6},"end":{"line":101,"column":8}},"42":{"start":{"line":105,"column":15},"end":{"line":108,"column":6}},"43":{"start":{"line":106,"column":4},"end":{"line":108,"column":6}},"44":{"start":{"line":107,"column":45},"end":{"line":107,"column":58}},"45":{"start":{"line":111,"column":4},"end":{"line":154,"column":6}},"46":{"start":{"line":125,"column":40},"end":{"line":125,"column":67}},"47":{"start":{"line":136,"column":34},"end":{"line":136,"column":52}},"48":{"start":{"line":159,"column":21},"end":{"line":159,"column":36}},"49":{"start":{"line":160,"column":2},"end":{"line":160,"column":59}}},"fnMap":{"0":{"name":"(anonymous_0)","decl":{"start":{"line":11,"column":2},"end":{"line":11,"column":3}},"loc":{"start":{"line":11,"column":21},"end":{"line":22,"column":3}},"line":11},"1":{"name":"(anonymous_1)","decl":{"start":{"line":24,"column":2},"end":{"line":24,"column":3}},"loc":{"start":{"line":24,"column":28},"end":{"line":32,"column":3}},"line":24},"2":{"name":"(anonymous_2)","decl":{"start":{"line":34,"column":14},"end":{"line":34,"column":15}},"loc":{"start":{"line":34,"column":20},"end":{"line":58,"column":3}},"line":34},"3":{"name":"(anonymous_3)","decl":{"start":{"line":45,"column":19},"end":{"line":45,"column":20}},"loc":{"start":{"line":45,"column":25},"end":{"line":45,"column":54}},"line":45},"4":{"name":"(anonymous_4)","decl":{"start":{"line":50,"column":19},"end":{"line":50,"column":20}},"loc":{"start":{"line":50,"column":25},"end":{"line":53,"column":11}},"line":50},"5":{"name":"(anonymous_5)","decl":{"start":{"line":60,"column":14},"end":{"line":60,"column":15}},"loc":{"start":{"line":60,"column":26},"end":{"line":79,"column":3}},"line":60},"6":{"name":"(anonymous_6)","decl":{"start":{"line":81,"column":15},"end":{"line":81,"column":16}},"loc":{"start":{"line":82,"column":4},"end":{"line":82,"column":73}},"line":82},"7":{"name":"(anonymous_7)","decl":{"start":{"line":85,"column":12},"end":{"line":85,"column":13}},"loc":{"start":{"line":85,"column":24},"end":{"line":103,"column":3}},"line":85},"8":{"name":"(anonymous_8)","decl":{"start":{"line":86,"column":18},"end":{"line":86,"column":19}},"loc":{"start":{"line":86,"column":29},"end":{"line":102,"column":5}},"line":86},"9":{"name":"(anonymous_9)","decl":{"start":{"line":105,"column":15},"end":{"line":105,"column":16}},"loc":{"start":{"line":106,"column":4},"end":{"line":108,"column":6}},"line":106},"10":{"name":"(anonymous_10)","decl":{"start":{"line":107,"column":35},"end":{"line":107,"column":36}},"loc":{"start":{"line":107,"column":45},"end":{"line":107,"column":58}},"line":107},"11":{"name":"(anonymous_11)","decl":{"start":{"line":110,"column":2},"end":{"line":110,"column":3}},"loc":{"start":{"line":110,"column":11},"end":{"line":155,"column":3}},"line":110},"12":{"name":"(anonymous_12)","decl":{"start":{"line":125,"column":26},"end":{"line":125,"column":27}},"loc":{"start":{"line":125,"column":40},"end":{"line":125,"column":67}},"line":125},"13":{"name":"(anonymous_13)","decl":{"start":{"line":136,"column":24},"end":{"line":136,"column":25}},"loc":{"start":{"line":136,"column":34},"end":{"line":136,"column":52}},"line":136},"14":{"name":"(anonymous_14)","decl":{"start":{"line":158,"column":15},"end":{"line":158,"column":16}},"loc":{"start":{"line":158,"column":32},"end":{"line":161,"column":1}},"line":158}},"branchMap":{"0":{"loc":{"start":{"line":26,"column":4},"end":{"line":31,"column":5}},"type":"if","locations":[{"start":{"line":26,"column":4},"end":{"line":31,"column":5}},{"start":{"line":26,"column":4},"end":{"line":31,"column":5}}],"line":26},"1":{"loc":{"start":{"line":35,"column":4},"end":{"line":38,"column":5}},"type":"if","locations":[{"start":{"line":35,"column":4},"end":{"line":38,"column":5}},{"start":{"line":35,"column":4},"end":{"line":38,"column":5}}],"line":35},"2":{"loc":{"start":{"line":61,"column":4},"end":{"line":64,"column":5}},"type":"if","locations":[{"start":{"line":61,"column":4},"end":{"line":64,"column":5}},{"start":{"line":61,"column":4},"end":{"line":64,"column":5}}],"line":61},"3":{"loc":{"start":{"line":66,"column":4},"end":{"line":68,"column":5}},"type":"if","locations":[{"start":{"line":66,"column":4},"end":{"line":68,"column":5}},{"start":{"line":66,"column":4},"end":{"line":68,"column":5}}],"line":66},"4":{"loc":{"start":{"line":88,"column":6},"end":{"line":91,"column":7}},"type":"if","locations":[{"start":{"line":88,"column":6},"end":{"line":91,"column":7}},{"start":{"line":88,"column":6},"end":{"line":91,"column":7}}],"line":88}},"s":{"0":1,"1":1,"2":1,"3":1,"4":1,"5":1,"6":1,"7":1,"8":0,"9":0,"10":0,"11":0,"12":1,"13":0,"14":0,"15":0,"16":0,"17":0,"18":0,"19":0,"20":1,"21":0,"22":0,"23":0,"24":0,"25":0,"26":0,"27":0,"28":0,"29":0,"30":0,"31":1,"32":0,"33":1,"34":0,"35":0,"36":0,"37":0,"38":0,"39":0,"40":0,"41":0,"42":1,"43":0,"44":0,"45":1,"46":0,"47":0,"48":1,"49":1},"f":{"0":1,"1":1,"2":0,"3":0,"4":0,"5":0,"6":0,"7":0,"8":0,"9":0,"10":0,"11":1,"12":0,"13":0,"14":1},"b":{"0":[0,0],"1":[0,0],"2":[0,0],"3":[0,0],"4":[0,0]},"_coverageSchema":"1a1c01bbd47fc00a2c39e90264f33305004495a9","hash":"415fe4af0204cc6181253dbab45eb5359af8a68d"}
,"/Users/davidcrandall/Desktop/NativeMind/src/components/SavedLists.js": {"path":"/Users/davidcrandall/Desktop/NativeMind/src/components/SavedLists.js","statementMap":{"0":{"start":{"line":9,"column":4},"end":{"line":9,"column":17}},"1":{"start":{"line":10,"column":4},"end":{"line":10,"column":49}},"2":{"start":{"line":11,"column":4},"end":{"line":13,"column":6}},"3":{"start":{"line":17,"column":22},"end":{"line":17,"column":44}},"4":{"start":{"line":18,"column":4},"end":{"line":24,"column":5}},"5":{"start":{"line":19,"column":6},"end":{"line":19,"column":42}},"6":{"start":{"line":20,"column":6},"end":{"line":20,"column":13}},"7":{"start":{"line":22,"column":6},"end":{"line":22,"column":35}},"8":{"start":{"line":23,"column":6},"end":{"line":23,"column":29}},"9":{"start":{"line":27,"column":15},"end":{"line":49,"column":3}},"10":{"start":{"line":28,"column":4},"end":{"line":48,"column":6}},"11":{"start":{"line":34,"column":25},"end":{"line":34,"column":58}},"12":{"start":{"line":40,"column":12},"end":{"line":42,"column":15}},"13":{"start":{"line":41,"column":55},"end":{"line":41,"column":68}},"14":{"start":{"line":43,"column":12},"end":{"line":43,"column":49}},"15":{"start":{"line":52,"column":4},"end":{"line":67,"column":6}},"16":{"start":{"line":57,"column":12},"end":{"line":62,"column":14}},"17":{"start":{"line":64,"column":34},"end":{"line":64,"column":41}},"18":{"start":{"line":71,"column":20},"end":{"line":96,"column":1}},"19":{"start":{"line":72,"column":2},"end":{"line":95,"column":13}},"20":{"start":{"line":79,"column":8},"end":{"line":81,"column":19}},"21":{"start":{"line":83,"column":30},"end":{"line":83,"column":48}},"22":{"start":{"line":86,"column":21},"end":{"line":86,"column":47}}},"fnMap":{"0":{"name":"(anonymous_0)","decl":{"start":{"line":8,"column":2},"end":{"line":8,"column":3}},"loc":{"start":{"line":8,"column":21},"end":{"line":14,"column":3}},"line":8},"1":{"name":"(anonymous_1)","decl":{"start":{"line":16,"column":2},"end":{"line":16,"column":3}},"loc":{"start":{"line":16,"column":28},"end":{"line":25,"column":3}},"line":16},"2":{"name":"(anonymous_2)","decl":{"start":{"line":27,"column":15},"end":{"line":27,"column":16}},"loc":{"start":{"line":27,"column":23},"end":{"line":49,"column":3}},"line":27},"3":{"name":"(anonymous_3)","decl":{"start":{"line":34,"column":19},"end":{"line":34,"column":20}},"loc":{"start":{"line":34,"column":25},"end":{"line":34,"column":58}},"line":34},"4":{"name":"(anonymous_4)","decl":{"start":{"line":39,"column":19},"end":{"line":39,"column":20}},"loc":{"start":{"line":39,"column":25},"end":{"line":44,"column":11}},"line":39},"5":{"name":"(anonymous_5)","decl":{"start":{"line":41,"column":45},"end":{"line":41,"column":46}},"loc":{"start":{"line":41,"column":55},"end":{"line":41,"column":68}},"line":41},"6":{"name":"(anonymous_6)","decl":{"start":{"line":51,"column":2},"end":{"line":51,"column":3}},"loc":{"start":{"line":51,"column":11},"end":{"line":68,"column":3}},"line":51},"7":{"name":"(anonymous_7)","decl":{"start":{"line":56,"column":22},"end":{"line":56,"column":23}},"loc":{"start":{"line":57,"column":12},"end":{"line":62,"column":14}},"line":57},"8":{"name":"(anonymous_8)","decl":{"start":{"line":64,"column":24},"end":{"line":64,"column":25}},"loc":{"start":{"line":64,"column":34},"end":{"line":64,"column":41}},"line":64},"9":{"name":"(anonymous_9)","decl":{"start":{"line":71,"column":20},"end":{"line":71,"column":21}},"loc":{"start":{"line":72,"column":2},"end":{"line":95,"column":13}},"line":72},"10":{"name":"(anonymous_10)","decl":{"start":{"line":78,"column":18},"end":{"line":78,"column":19}},"loc":{"start":{"line":79,"column":8},"end":{"line":81,"column":19}},"line":79},"11":{"name":"(anonymous_11)","decl":{"start":{"line":83,"column":20},"end":{"line":83,"column":21}},"loc":{"start":{"line":83,"column":30},"end":{"line":83,"column":48}},"line":83},"12":{"name":"(anonymous_12)","decl":{"start":{"line":86,"column":15},"end":{"line":86,"column":16}},"loc":{"start":{"line":86,"column":21},"end":{"line":86,"column":47}},"line":86}},"branchMap":{"0":{"loc":{"start":{"line":18,"column":4},"end":{"line":24,"column":5}},"type":"if","locations":[{"start":{"line":18,"column":4},"end":{"line":24,"column":5}},{"start":{"line":18,"column":4},"end":{"line":24,"column":5}}],"line":18}},"s":{"0":0,"1":0,"2":0,"3":0,"4":0,"5":0,"6":0,"7":0,"8":0,"9":0,"10":0,"11":0,"12":0,"13":0,"14":0,"15":0,"16":0,"17":0,"18":1,"19":0,"20":0,"21":0,"22":0},"f":{"0":0,"1":0,"2":0,"3":0,"4":0,"5":0,"6":0,"7":0,"8":0,"9":0,"10":0,"11":0,"12":0},"b":{"0":[0,0]},"_coverageSchema":"1a1c01bbd47fc00a2c39e90264f33305004495a9","hash":"edf95353d6420a215223aadc4ed83cca23071e87"}
,"/Users/davidcrandall/Desktop/NativeMind/src/styles/ListItems.js": {"path":"/Users/davidcrandall/Desktop/NativeMind/src/styles/ListItems.js","statementMap":{"0":{"start":{"line":6,"column":17},"end":{"line":11,"column":1}},"1":{"start":{"line":13,"column":17},"end":{"line":20,"column":1}},"2":{"start":{"line":22,"column":17},"end":{"line":27,"column":1}},"3":{"start":{"line":29,"column":13},"end":{"line":36,"column":1}},"4":{"start":{"line":30,"column":2},"end":{"line":35,"column":13}},"5":{"start":{"line":32,"column":39},"end":{"line":32,"column":53}}},"fnMap":{"0":{"name":"(anonymous_0)","decl":{"start":{"line":29,"column":13},"end":{"line":29,"column":14}},"loc":{"start":{"line":30,"column":2},"end":{"line":35,"column":13}},"line":30},"1":{"name":"(anonymous_1)","decl":{"start":{"line":32,"column":33},"end":{"line":32,"column":34}},"loc":{"start":{"line":32,"column":39},"end":{"line":32,"column":53}},"line":32}},"branchMap":{},"s":{"0":1,"1":1,"2":1,"3":1,"4":0,"5":0},"f":{"0":0,"1":0},"b":{},"_coverageSchema":"1a1c01bbd47fc00a2c39e90264f33305004495a9","hash":"587568637636da3210ecd9d7795178ddd66da966"}
,"/Users/davidcrandall/Desktop/NativeMind/src/styles/Main.js": {"path":"/Users/davidcrandall/Desktop/NativeMind/src/styles/Main.js","statementMap":{"0":{"start":{"line":3,"column":15},"end":{"line":10,"column":1}},"1":{"start":{"line":12,"column":14},"end":{"line":20,"column":1}},"2":{"start":{"line":22,"column":17},"end":{"line":27,"column":1}},"3":{"start":{"line":29,"column":15},"end":{"line":36,"column":1}},"4":{"start":{"line":38,"column":18},"end":{"line":50,"column":1}},"5":{"start":{"line":52,"column":19},"end":{"line":59,"column":1}}},"fnMap":{},"branchMap":{},"s":{"0":1,"1":1,"2":1,"3":1,"4":1,"5":1},"f":{},"b":{},"_coverageSchema":"1a1c01bbd47fc00a2c39e90264f33305004495a9","hash":"97951d0881827706d914ecb1e4e5e4abc396e862"}
}
