TN:
SF:App.js
FN:12,(anonymous_0)
FN:19,(anonymous_1)
FN:20,(anonymous_2)
FN:24,(anonymous_3)
FN:26,(anonymous_4)
FN:39,(anonymous_5)
FN:40,(anonymous_6)
FN:44,(anonymous_7)
FN:46,(anonymous_8)
FNF:9
FNH:4
FNDA:1,(anonymous_0)
FNDA:1,(anonymous_1)
FNDA:2,(anonymous_2)
FNDA:2,(anonymous_3)
FNDA:0,(anonymous_4)
FNDA:0,(anonymous_5)
FNDA:0,(anonymous_6)
FNDA:0,(anonymous_7)
FNDA:0,(anonymous_8)
DA:10,1
DA:12,1
DA:13,1
DA:19,1
DA:20,2
DA:25,2
DA:26,0
DA:39,0
DA:40,0
DA:45,0
DA:46,0
LF:11
LH:6
BRF:0
BRH:0
end_of_record
TN:
SF:src/common/storage.js
FN:3,(anonymous_0)
FN:12,(anonymous_1)
FNF:2
FNH:1
FNDA:1,(anonymous_0)
FNDA:0,(anonymous_1)
DA:3,1
DA:4,1
DA:5,1
DA:6,0
DA:8,0
DA:12,1
DA:13,0
DA:14,0
DA:15,0
DA:17,0
LF:10
LH:4
BRDA:6,0,0,0
BRDA:6,0,1,0
BRF:2
BRH:0
end_of_record
TN:
SF:src/components/HomeScreen.js
FN:11,(anonymous_0)
FN:24,(anonymous_1)
FN:34,(anonymous_2)
FN:45,(anonymous_3)
FN:50,(anonymous_4)
FN:60,(anonymous_5)
FN:81,(anonymous_6)
FN:85,(anonymous_7)
FN:86,(anonymous_8)
FN:105,(anonymous_9)
FN:107,(anonymous_10)
FN:110,(anonymous_11)
FN:125,(anonymous_12)
FN:136,(anonymous_13)
FN:158,(anonymous_14)
FNF:15
FNH:4
FNDA:1,(anonymous_0)
FNDA:1,(anonymous_1)
FNDA:0,(anonymous_2)
FNDA:0,(anonymous_3)
FNDA:0,(anonymous_4)
FNDA:0,(anonymous_5)
FNDA:0,(anonymous_6)
FNDA:0,(anonymous_7)
FNDA:0,(anonymous_8)
FNDA:0,(anonymous_9)
FNDA:0,(anonymous_10)
FNDA:1,(anonymous_11)
FNDA:0,(anonymous_12)
FNDA:0,(anonymous_13)
FNDA:1,(anonymous_14)
DA:12,1
DA:13,1
DA:14,1
DA:15,1
DA:16,1
DA:17,1
DA:18,1
DA:25,1
DA:26,0
DA:27,0
DA:28,0
DA:30,0
DA:34,1
DA:35,0
DA:36,0
DA:37,0
DA:39,0
DA:45,0
DA:51,0
DA:52,0
DA:60,1
DA:61,0
DA:62,0
DA:63,0
DA:65,0
DA:66,0
DA:67,0
DA:69,0
DA:70,0
DA:77,0
DA:78,0
DA:81,1
DA:82,0
DA:85,1
DA:86,0
DA:87,0
DA:88,0
DA:89,0
DA:90,0
DA:92,0
DA:97,0
DA:98,0
DA:105,1
DA:106,0
DA:107,0
DA:111,1
DA:125,0
DA:136,0
DA:159,1
DA:160,1
LF:50
LH:16
BRDA:26,0,0,0
BRDA:26,0,1,0
BRDA:35,1,0,0
BRDA:35,1,1,0
BRDA:61,2,0,0
BRDA:61,2,1,0
BRDA:66,3,0,0
BRDA:66,3,1,0
BRDA:88,4,0,0
BRDA:88,4,1,0
BRF:10
BRH:0
end_of_record
TN:
SF:src/components/SavedLists.js
FN:8,(anonymous_0)
FN:16,(anonymous_1)
FN:27,(anonymous_2)
FN:34,(anonymous_3)
FN:39,(anonymous_4)
FN:41,(anonymous_5)
FN:51,(anonymous_6)
FN:56,(anonymous_7)
FN:64,(anonymous_8)
FN:71,(anonymous_9)
FN:78,(anonymous_10)
FN:83,(anonymous_11)
FN:86,(anonymous_12)
FNF:13
FNH:0
FNDA:0,(anonymous_0)
FNDA:0,(anonymous_1)
FNDA:0,(anonymous_2)
FNDA:0,(anonymous_3)
FNDA:0,(anonymous_4)
FNDA:0,(anonymous_5)
FNDA:0,(anonymous_6)
FNDA:0,(anonymous_7)
FNDA:0,(anonymous_8)
FNDA:0,(anonymous_9)
FNDA:0,(anonymous_10)
FNDA:0,(anonymous_11)
FNDA:0,(anonymous_12)
DA:9,0
DA:10,0
DA:11,0
DA:17,0
DA:18,0
DA:19,0
DA:20,0
DA:22,0
DA:23,0
DA:27,0
DA:28,0
DA:34,0
DA:40,0
DA:41,0
DA:43,0
DA:52,0
DA:57,0
DA:64,0
DA:71,1
DA:72,0
DA:79,0
DA:83,0
DA:86,0
LF:23
LH:1
BRDA:18,0,0,0
BRDA:18,0,1,0
BRF:2
BRH:0
end_of_record
TN:
SF:src/styles/ListItems.js
FN:29,(anonymous_0)
FN:32,(anonymous_1)
FNF:2
FNH:0
FNDA:0,(anonymous_0)
FNDA:0,(anonymous_1)
DA:6,1
DA:13,1
DA:22,1
DA:29,1
DA:30,0
DA:32,0
LF:6
LH:4
BRF:0
BRH:0
end_of_record
TN:
SF:src/styles/Main.js
FNF:0
FNH:0
DA:3,1
DA:12,1
DA:22,1
DA:29,1
DA:38,1
DA:52,1
LF:6
LH:6
BRF:0
BRH:0
end_of_record
